Determining if the pthread_create exist failed with the following output:
Change Dir: /home/aleksandr/Загрузки/multithreading/parts/CMakeFiles/CMakeTmp

Run Build Command:"/usr/bin/make" "cmTC_127f6/fast"
/usr/bin/make -f CMakeFiles/cmTC_127f6.dir/build.make CMakeFiles/cmTC_127f6.dir/build
make[1]: вход в каталог «/home/aleksandr/Загрузки/multithreading/parts/CMakeFiles/CMakeTmp»
Building C object CMakeFiles/cmTC_127f6.dir/CheckSymbolExists.c.o
/usr/bin/cc    -o CMakeFiles/cmTC_127f6.dir/CheckSymbolExists.c.o   -c /home/aleksandr/Загрузки/multithreading/parts/CMakeFiles/CMakeTmp/CheckSymbolExists.c
Linking C executable cmTC_127f6
/usr/bin/cmake -E cmake_link_script CMakeFiles/cmTC_127f6.dir/link.txt --verbose=1
/usr/bin/cc      -rdynamic CMakeFiles/cmTC_127f6.dir/CheckSymbolExists.c.o  -o cmTC_127f6 
CMakeFiles/cmTC_127f6.dir/CheckSymbolExists.c.o: In function `main':
CheckSymbolExists.c:(.text+0x1b): undefined reference to `pthread_create'
collect2: error: ld returned 1 exit status
CMakeFiles/cmTC_127f6.dir/build.make:97: recipe for target 'cmTC_127f6' failed
make[1]: *** [cmTC_127f6] Error 1
make[1]: выход из каталога «/home/aleksandr/Загрузки/multithreading/parts/CMakeFiles/CMakeTmp»
Makefile:126: recipe for target 'cmTC_127f6/fast' failed
make: *** [cmTC_127f6/fast] Error 2

File /home/aleksandr/Загрузки/multithreading/parts/CMakeFiles/CMakeTmp/CheckSymbolExists.c:
/* */
#include <pthread.h>

int main(int argc, char** argv)
{
  (void)argv;
#ifndef pthread_create
  return ((int*)(&pthread_create))[argc];
#else
  (void)argc;
  return 0;
#endif
}

Determining if the function pthread_create exists in the pthreads failed with the following output:
Change Dir: /home/aleksandr/Загрузки/multithreading/parts/CMakeFiles/CMakeTmp

Run Build Command:"/usr/bin/make" "cmTC_a0f32/fast"
/usr/bin/make -f CMakeFiles/cmTC_a0f32.dir/build.make CMakeFiles/cmTC_a0f32.dir/build
make[1]: вход в каталог «/home/aleksandr/Загрузки/multithreading/parts/CMakeFiles/CMakeTmp»
Building C object CMakeFiles/cmTC_a0f32.dir/CheckFunctionExists.c.o
/usr/bin/cc   -DCHECK_FUNCTION_EXISTS=pthread_create   -o CMakeFiles/cmTC_a0f32.dir/CheckFunctionExists.c.o   -c /usr/share/cmake-3.10/Modules/CheckFunctionExists.c
Linking C executable cmTC_a0f32
/usr/bin/cmake -E cmake_link_script CMakeFiles/cmTC_a0f32.dir/link.txt --verbose=1
/usr/bin/cc  -DCHECK_FUNCTION_EXISTS=pthread_create    -rdynamic CMakeFiles/cmTC_a0f32.dir/CheckFunctionExists.c.o  -o cmTC_a0f32 -lpthreads 
/usr/bin/ld: cannot find -lpthreads
collect2: error: ld returned 1 exit status
CMakeFiles/cmTC_a0f32.dir/build.make:97: recipe for target 'cmTC_a0f32' failed
make[1]: *** [cmTC_a0f32] Error 1
make[1]: выход из каталога «/home/aleksandr/Загрузки/multithreading/parts/CMakeFiles/CMakeTmp»
Makefile:126: recipe for target 'cmTC_a0f32/fast' failed
make: *** [cmTC_a0f32/fast] Error 2


